20.4.2024, 20:12:54 - ERROR - Could'nt save bug | Cant find bug with _id "V79oZx"
20.4.2024, 20:13:01 - ERROR - Could'nt save bug | Cant find bug with _id "V79oZx"
20.4.2024, 20:13:34 - ERROR - Could'nt save bug | Cant find bug with _id "V79oZx"
20.4.2024, 21:11:21 - ERROR - Could'nt save bug | ReferenceError: first is not defined
20.4.2024, 21:11:32 - ERROR - Could'nt save bug | ReferenceError: first is not defined
20.4.2024, 21:21:55 - ERROR - Could'nt save bug | Cant find bug with _id undefined
21.4.2024, 19:11:13 - ERROR - Could'nt save bug | Cant find bug with _id undefined
21.4.2024, 19:13:19 - ERROR - Could'nt save bug | Cant find bug with _id undefined
21.4.2024, 19:14:32 - ERROR - Could'nt save bug | Cant find bug with _id undefined
21.4.2024, 20:04:57 - ERROR - Could'nt get bug | ReferenceError: bugIds is not defined
21.4.2024, 20:05:10 - ERROR - Could'nt get bug | ReferenceError: bugIds is not defined
21.4.2024, 20:05:21 - ERROR - Could'nt get bug | ReferenceError: bugIds is not defined
22.4.2024, 10:08:02 - ERROR - Could'nt get bug | ReferenceError: bugIds is not defined
22.4.2024, 10:09:08 - ERROR - Could'nt get bug | TypeError: JSON is not a function
22.4.2024, 10:09:42 - ERROR - Could'nt get bug | TypeError: JSON is not a function
22.4.2024, 10:09:59 - ERROR - Could'nt get bug | TypeError: JSON is not a function
22.4.2024, 10:10:16 - ERROR - Could'nt get bug | TypeError: JSON is not a function
22.4.2024, 10:10:38 - ERROR - Could'nt get bug | TypeError: JSON is not a function
22.4.2024, 10:10:52 - ERROR - Could'nt get bug | SyntaxError: Unexpected token u in JSON at position 0
22.4.2024, 10:10:53 - ERROR - Could'nt get bug | SyntaxError: Unexpected token u in JSON at position 0
22.4.2024, 10:10:54 - ERROR - Could'nt get bug | SyntaxError: Unexpected token u in JSON at position 0
22.4.2024, 18:29:36 - ERROR - Could'nt get bug | ReferenceError: r is not defined
22.4.2024, 18:31:51 - ERROR - Could'nt get bug | SyntaxError: Unexpected end of JSON input
22.4.2024, 18:31:53 - ERROR - Could'nt get bug | SyntaxError: Unexpected end of JSON input
22.4.2024, 18:32:01 - ERROR - Could'nt get bug | SyntaxError: Unexpected end of JSON input
22.4.2024, 18:32:03 - ERROR - Could'nt get bug | SyntaxError: Unexpected end of JSON input
22.4.2024, 18:32:09 - ERROR - Could'nt get bug | SyntaxError: Unexpected end of JSON input
22.4.2024, 18:32:50 - ERROR - Could'nt get bug | SyntaxError: Unexpected end of JSON input
22.4.2024, 18:32:51 - ERROR - Could'nt get bug | SyntaxError: Unexpected end of JSON input
22.4.2024, 19:01:08 - ERROR - Could'nt get bug | ReferenceError: bugIdsToSave is not defined
22.4.2024, 19:01:22 - ERROR - Could'nt get bug | ReferenceError: bugIdsToSave is not defined
22.4.2024, 19:01:23 - ERROR - Could'nt get bug | ReferenceError: bugIdsToSave is not defined
22.4.2024, 19:01:47 - ERROR - Could'nt get bug | ReferenceError: bugIdsToSave is not defined
22.4.2024, 19:01:48 - ERROR - Could'nt get bug | ReferenceError: bugIdsToSave is not defined
23.4.2024, 0:18:02 - ERROR - Could'nt get bug | ReferenceError: bugIdsToSave is not defined
23.4.2024, 19:52:05 - ERROR - Could'nt get bug | ReferenceError: bugIdsToSave is not defined
23.4.2024, 19:58:10 - ERROR - Could'nt get bug | ReferenceError: first is not defined
23.4.2024, 23:22:08 - ERROR - Could'nt get bug | TypeError: Assignment to constant variable.
23.4.2024, 23:22:12 - ERROR - Could'nt get bug | TypeError: Assignment to constant variable.
23.4.2024, 23:22:39 - ERROR - Could'nt get bug | TypeError: Assignment to constant variable.
23.4.2024, 23:22:43 - ERROR - Could'nt get bug | TypeError: Assignment to constant variable.
23.4.2024, 23:23:10 - ERROR - Could'nt get bug | TypeError: Assignment to constant variable.
23.4.2024, 23:23:19 - ERROR - Could'nt get bug | TypeError: Assignment to constant variable.
23.4.2024, 23:23:56 - ERROR - Could'nt get bug | TypeError: Assignment to constant variable.
23.4.2024, 23:24:00 - ERROR - Could'nt get bug | TypeError: Assignment to constant variable.
23.4.2024, 23:24:20 - ERROR - Could'nt get bug | TypeError: Assignment to constant variable.
25.4.2024, 14:55:15 - ERROR - Could'nt get bugs | TypeError: Assignment to constant variable.
25.4.2024, 15:06:02 - ERROR - Could'nt get bugs | ReferenceError: title is not defined
25.4.2024, 15:06:06 - ERROR - Could'nt get bugs | ReferenceError: title is not defined
25.4.2024, 15:06:44 - ERROR - Could'nt get bugs | ReferenceError: title is not defined
25.4.2024, 15:08:52 - ERROR - Could'nt get bugs | ReferenceError: title is not defined
25.4.2024, 15:08:55 - ERROR - Could'nt get bugs | ReferenceError: title is not defined
25.4.2024, 15:09:07 - ERROR - Could'nt get bugs | ReferenceError: title is not defined
25.4.2024, 15:09:17 - ERROR - Could'nt get bugs | ReferenceError: title is not defined
25.4.2024, 15:13:23 - ERROR - Could'nt get bugs | ReferenceError: title is not defined
25.4.2024, 15:19:46 - ERROR - Could'nt save bug | Cant find bug with _id undefined
